[21:34:49] [ServerMain/INFO]: Environment: authHost='https://authserver.mojang.com', accountsHost='https://api.mojang.com', sessionHost='https://sessionserver.mojang.com', servicesHost='https://api.minecraftservices.com', name='PROD'
[21:34:51] [ServerMain/INFO]: Loaded 7 recipes
[21:34:51] [ServerMain/INFO]: Loaded 1271 advancements
[21:34:51] [Server thread/INFO]: Starting minecraft server version 1.20.1
[21:34:51] [Server thread/INFO]: Loading properties
[21:34:51] [Server thread/INFO]: Default game type: SURVIVAL
[21:34:51] [Server thread/INFO]: Generating keypair
[21:34:52] [Server thread/INFO]: Starting Minecraft server on *:25565
[21:34:52] [Server thread/INFO]: Using epoll channel type
[21:34:52] [Server thread/WARN]: **** SERVER IS RUNNING IN OFFLINE/INSECURE MODE!
[21:34:52] [Server thread/WARN]: The server will make no attempt to authenticate usernames. Beware.
[21:34:52] [Server thread/WARN]: While this makes the game possible to play without internet access, it also opens up the ability for hackers to connect with any username they choose.
[21:34:52] [Server thread/WARN]: To change this, set "online-mode" to "true" in the server.properties file.
[21:34:52] [Server thread/INFO]: Preparing level "world"
[21:34:57] [Server thread/INFO]: Preparing start region for dimension minecraft:overworld
[21:34:58] [Worker-Main-2/INFO]: Preparing spawn area: 0%
[21:34:58] [Worker-Main-2/INFO]: Preparing spawn area: 0%
[21:34:58] [Worker-Main-1/INFO]: Preparing spawn area: 0%
[21:34:59] [Worker-Main-1/INFO]: Preparing spawn area: 0%
[21:34:59] [Worker-Main-3/INFO]: Preparing spawn area: 0%
[21:35:00] [Worker-Main-3/INFO]: Preparing spawn area: 0%
[21:35:00] [Worker-Main-2/INFO]: Preparing spawn area: 1%
[21:35:01] [Worker-Main-1/INFO]: Preparing spawn area: 2%
[21:35:01] [Worker-Main-3/INFO]: Preparing spawn area: 3%
[21:35:02] [Worker-Main-2/INFO]: Preparing spawn area: 4%
[21:35:02] [Worker-Main-1/INFO]: Preparing spawn area: 5%
[21:35:03] [Worker-Main-3/INFO]: Preparing spawn area: 6%
[21:35:03] [Worker-Main-3/INFO]: Preparing spawn area: 7%
[21:35:04] [Worker-Main-1/INFO]: Preparing spawn area: 9%
[21:35:04] [Worker-Main-1/INFO]: Preparing spawn area: 10%
[21:35:05] [Worker-Main-2/INFO]: Preparing spawn area: 12%
[21:35:05] [Worker-Main-3/INFO]: Preparing spawn area: 15%
[21:35:06] [Worker-Main-2/INFO]: Preparing spawn area: 16%
[21:35:06] [Worker-Main-2/INFO]: Preparing spawn area: 18%
[21:35:07] [Worker-Main-2/INFO]: Preparing spawn area: 20%
[21:35:07] [Worker-Main-1/INFO]: Preparing spawn area: 23%
[21:35:08] [Worker-Main-1/INFO]: Preparing spawn area: 24%
[21:35:08] [Worker-Main-3/INFO]: Preparing spawn area: 26%
[21:35:09] [Worker-Main-2/INFO]: Preparing spawn area: 29%
[21:35:09] [Worker-Main-3/INFO]: Preparing spawn area: 31%
[21:35:10] [Worker-Main-1/INFO]: Preparing spawn area: 33%
[21:35:10] [Worker-Main-3/INFO]: Preparing spawn area: 36%
[21:35:11] [Worker-Main-1/INFO]: Preparing spawn area: 38%
[21:35:11] [Worker-Main-3/INFO]: Preparing spawn area: 41%
[21:35:12] [Worker-Main-2/INFO]: Preparing spawn area: 43%
[21:35:12] [Worker-Main-3/INFO]: Preparing spawn area: 45%
[21:35:13] [Worker-Main-2/INFO]: Preparing spawn area: 48%
[21:35:13] [Worker-Main-1/INFO]: Preparing spawn area: 51%
[21:35:14] [Worker-Main-2/INFO]: Preparing spawn area: 54%
[21:35:14] [Worker-Main-3/INFO]: Preparing spawn area: 56%
[21:35:15] [Worker-Main-3/INFO]: Preparing spawn area: 59%
[21:35:15] [Worker-Main-1/INFO]: Preparing spawn area: 62%
[21:35:16] [Worker-Main-2/INFO]: Preparing spawn area: 65%
[21:35:16] [Worker-Main-3/INFO]: Preparing spawn area: 69%
[21:35:17] [Worker-Main-2/INFO]: Preparing spawn area: 71%
[21:35:17] [Worker-Main-2/INFO]: Preparing spawn area: 74%
[21:35:18] [Worker-Main-1/INFO]: Preparing spawn area: 77%
[21:35:18] [Worker-Main-1/INFO]: Preparing spawn area: 81%
[21:35:19] [Worker-Main-2/INFO]: Preparing spawn area: 84%
[21:35:19] [Worker-Main-3/INFO]: Preparing spawn area: 86%
[21:35:20] [Worker-Main-3/INFO]: Preparing spawn area: 88%
[21:35:20] [Worker-Main-2/INFO]: Preparing spawn area: 93%
[21:35:21] [Worker-Main-2/INFO]: Preparing spawn area: 96%
[21:35:21] [Server thread/INFO]: Time elapsed: 23941 ms
[21:35:21] [Server thread/INFO]: Done (29.430s)! For help, type "help"
[21:36:04] [Server thread/INFO]: ParsceTibe[/127.87.145.202:37491] logged in with entity id 365 at (8.5, 79.0, -4.5)
[21:36:04] [Server thread/INFO]: ParsceTibe joined the game
[21:36:13] [Server thread/INFO]: METAMORPHOSI5[/127.172.132.153:33309] logged in with entity id 554 at (-8.5, 66.0, 6.5)
[21:36:13] [Server thread/INFO]: METAMORPHOSI5 joined the game
[21:37:01] [Server thread/INFO]: METAMORPHOSI5 was slain by ParsceTibe
[21:38:16] [Server thread/INFO]: ParsceTibe was stung to death
[21:41:41] [Server thread/INFO]: METAMORPHOSI5 lost connection: Disconnected
[21:41:41] [Server thread/INFO]: METAMORPHOSI5 left the game
[21:41:46] [Server thread/INFO]: ParsceTibe lost connection: Disconnected
[21:41:46] [Server thread/INFO]: ParsceTibe left the game
